
**** Build of configuration Debug for project USB_HID_Test ****

"C:\\ti\\ccsv7\\utils\\bin\\gmake" -k -j 4 all -O 
making ../src/sysbios/sysbios.aem4f ...
gmake[1]: Nothing to be done for 'all'.
'Building file: ../main.c'
'Invoking: ARM Compiler'
"C:/ti/ccsv7/tools/compiler/ti-cgt-arm_17.9.0.STS/bin/armcl" -mv7M4 --code_state=16 --float_support=FPv4SPD16 -me --include_path="C:/Users/Ben/Documents/MQP_Code/MQP_TivaWare_Tests/USB_HID_Test" --include_path="C:/Users/Ben/Documents/MQP_Code/MQP_TivaWare_Tests/USB_HID_Test" --include_path="C:/ti/tirtos_tivac_2_16_00_08/products/TivaWare_C_Series-2.1.1.71b" --include_path="C:/ti/tirtos_tivac_2_16_00_08/products/bios_6_45_01_29/packages/ti/sysbios/posix" --include_path="C:/ti/ccsv7/tools/compiler/ti-cgt-arm_17.9.0.STS/include" --define=ccs="ccs" --define=PART_TM4C123GH6PM --define=ccs --define=TIVAWARE -g --gcc --diag_warning=225 --diag_warning=255 --diag_wrap=off --display_error_number --gen_func_subsections=on --abi=eabi --preproc_with_compile --preproc_dependency="main.d" --cmd_file="configPkg/compiler.opt" "../main.c"
'Finished building: ../main.c'
' '
making ../src/sysbios/sysbios.aem4f ...
gmake[2]: Nothing to be done for 'all'.
'Building target: USB_HID_Test.out'
'Invoking: ARM Linker'
"C:/ti/ccsv7/tools/compiler/ti-cgt-arm_17.9.0.STS/bin/armcl" -mv7M4 --code_state=16 --float_support=FPv4SPD16 -me --define=ccs="ccs" --define=PART_TM4C123GH6PM --define=ccs --define=TIVAWARE -g --gcc --diag_warning=225 --diag_warning=255 --diag_wrap=off --display_error_number --gen_func_subsections=on --abi=eabi -z -m"USB_HID_Test.map" --heap_size=0 --stack_size=512 -i"C:/ti/ccsv7/tools/compiler/ti-cgt-arm_17.9.0.STS/lib" -i"C:/ti/ccsv7/tools/compiler/ti-cgt-arm_17.9.0.STS/include" --reread_libs --diag_wrap=off --display_error_number --warn_sections --xml_link_info="USB_HID_Test_linkInfo.xml" --rom_model -o "USB_HID_Test.out" "./EK_TM4C123GXL.obj" "./USBKBD.obj" "./main.obj" "../EK_TM4C123GXL.cmd" -l"configPkg/linker.cmd" -l"C:/ti/tirtos_tivac_2_16_00_08/products/TivaWare_C_Series-2.1.1.71b/grlib/ccs/Debug/grlib.lib" -l"C:/ti/tirtos_tivac_2_16_00_08/products/TivaWare_C_Series-2.1.1.71b/usblib/ccs/Debug/usblib.lib" -l"C:/ti/tirtos_tivac_2_16_00_08/products/TivaWare_C_Series-2.1.1.71b/driverlib/ccs/Debug/driverlib.lib" -llibc.a 
<Linking>
'Finished building target: USB_HID_Test.out'
' '

**** Build Finished ****

**** Build of configuration Debug for project CANRX ****

"C:\\ti\\ccsv7\\utils\\bin\\gmake" -k all 
gmake: Nothing to be done for 'all'.

**** Build Finished ****

**** Build of configuration Debug for project CANTX ****

"C:\\ti\\ccsv7\\utils\\bin\\gmake" -k all 
'Building file: ../can_tx.c'
'Invoking: ARM Compiler'
"C:/ti/ccsv7/tools/compiler/ti-cgt-arm_16.9.1.LTS/bin/armcl" -mv7M4 --code_state=16 --float_support=FPv4SPD16 -me -Ooff --include_path="C:/ti/ccsv7/tools/compiler/ti-cgt-arm_16.9.1.LTS/include" --include_path="C:/ti/TivaWare_C_Series-2.1.3.156/examples/boards/dk-tm4c123g" --include_path="C:/ti/TivaWare_C_Series-2.1.3.156" --advice:power=all --define=ccs="ccs" --define=PART_TM4C123GH6PGE --define=TARGET_IS_TM4C123_RB1 -g --gcc --diag_warning=225 --diag_wrap=off --display_error_number --gen_func_subsections=on --abi=eabi --ual --preproc_with_compile --preproc_dependency="can_tx.d"  "../can_tx.c"
"../can_tx.c", line 290: remark #2623-D: (ULP 5.4) Detected an assignment to a type with size less than int. To avoid unnecessary sign extension, use int-sized types for local varaibles and convert to smaller types for static storage.
"../can_tx.c", line 291: remark #2623-D: (ULP 5.4) Detected an assignment to a type with size less than int. To avoid unnecessary sign extension, use int-sized types for local varaibles and convert to smaller types for static storage.
'Finished building: ../can_tx.c'
' '
'Building target: CANTX.out'
'Invoking: ARM Linker'
"C:/ti/ccsv7/tools/compiler/ti-cgt-arm_16.9.1.LTS/bin/armcl" -mv7M4 --code_state=16 --float_support=FPv4SPD16 -me -Ooff --advice:power=all --define=ccs="ccs" --define=PART_TM4C123GH6PGE --define=TARGET_IS_TM4C123_RB1 -g --gcc --diag_warning=225 --diag_wrap=off --display_error_number --gen_func_subsections=on --abi=eabi --ual -z -m"can_ccs.map" --heap_size=0 --stack_size=512 -i"C:/ti/ccsv7/tools/compiler/ti-cgt-arm_16.9.1.LTS/lib" -i"C:/ti/ccsv7/tools/compiler/ti-cgt-arm_16.9.1.LTS/include" --reread_libs --diag_wrap=off --display_error_number --warn_sections --xml_link_info="CANTX_linkInfo.xml" --rom_model -o "CANTX.out" "./can_tx.obj" "./startup_ccs.obj" "./utils/uartstdio.obj" "../can_ccs.cmd"  -llibc.a -l"C:/ti/TivaWare_C_Series-2.1.3.156/driverlib/ccs/Debug/driverlib.lib" -l"C:/ti/TivaWare_C_Series-2.1.3.156/grlib/ccs/Debug/grlib.lib" 
<Linking>
remark #10371-D: (ULP 1.1) Detected no uses of low power mode state changing instructions
'Finished building target: CANTX.out'
' '
"C:/ti/ccsv7/utils/tiobj2bin/tiobj2bin" "CANTX.out" "CANTX.bin" "C:/ti/ccsv7/tools/compiler/ti-cgt-arm_16.9.1.LTS/bin/armofd" "C:/ti/ccsv7/tools/compiler/ti-cgt-arm_16.9.1.LTS/bin/armhex" "C:/ti/ccsv7/utils/tiobj2bin/mkhex4bin"
' '

**** Build Finished ****

**** Build of configuration Debug for project TivaWare_Test ****

"C:\\ti\\ccsv7\\utils\\bin\\gmake" -k -j 4 all -O 
gmake[1]: 'TivaWare_Test.out' is up to date.

**** Build Finished ****

**** Build of configuration Debug for project usbkeyboarddevice_EK_TM4C123GXL_TI ****

"C:\\ti\\ccsv7\\utils\\bin\\gmake" -k -j 4 all -O 
making ../src/sysbios/sysbios.aem4f ...
gmake[1]: Nothing to be done for 'all'.
making ../src/sysbios/sysbios.aem4f ...
gmake[2]: Nothing to be done for 'all'.

**** Build Finished ****

**** Build of configuration Debug for project CANRX ****

"C:\\ti\\ccsv7\\utils\\bin\\gmake" -k all 
gmake: Nothing to be done for 'all'.

**** Build Finished ****

**** Build of configuration Debug for project CANTX ****

"C:\\ti\\ccsv7\\utils\\bin\\gmake" -k all 
gmake: Nothing to be done for 'all'.

**** Build Finished ****

**** Build of configuration Debug for project HID_Test ****

"C:\\ti\\ccsv7\\utils\\bin\\gmake" -k -j 4 all -O 
gmake[1]: Entering directory 'C:/Users/Ben/Documents/MQP_Code/MQP_TivaWare_Tests/HID_Test/Debug'
'Building file: ../empty_min.cfg'
'Invoking: XDCtools'
"C:/ti/xdctools_3_50_03_33_core/xs" --xdcpath="C:/ti/tirtos_tivac_2_16_00_08/packages;C:/ti/tirtos_tivac_2_16_00_08/products/tidrivers_tivac_2_16_00_08/packages;C:/ti/tirtos_tivac_2_16_00_08/products/bios_6_45_01_29/packages;C:/ti/tirtos_tivac_2_16_00_08/products/ndk_2_25_00_09/packages;C:/ti/tirtos_tivac_2_16_00_08/products/uia_2_00_05_50/packages;C:/ti/tirtos_tivac_2_16_00_08/products/ns_1_11_00_10/packages;C:/ti/ccsv7/ccs_base;" xdc.tools.configuro -o configPkg -t ti.targets.arm.elf.M4F -p ti.platforms.tiva:TM4C123GH6PM -r release -c "C:/ti/ccsv7/tools/compiler/ti-cgt-arm_18.1.0.LTS" --compileOptions "-mv7M4 --code_state=16 --float_support=FPv4SPD16 -me --include_path=\"C:/Users/Ben/Documents/MQP_Code/MQP_TivaWare_Tests/HID_Test\" --include_path=\"C:/Users/Ben/Documents/MQP_Code/MQP_TivaWare_Tests/HID_Test\" --include_path=\"C:/ti/tirtos_tivac_2_16_00_08/products/TivaWare_C_Series-2.1.1.71b\" --include_path=\"C:/ti/tirtos_tivac_2_16_00_08/products/bios_6_45_01_29/packages/ti/sysbios/posix\" --include_path=\"C:/ti/ccsv7/tools/compiler/ti-cgt-arm_18.1.0.LTS/include\" --define=ccs=\"ccs\" --define=PART_TM4C123GH6PM --define=ccs --define=TIVAWARE -g --gcc --diag_warning=225 --diag_warning=255 --diag_wrap=off --display_error_number --gen_func_subsections=on --abi=eabi  " "../empty_min.cfg"
making package.mak (because of package.bld) ...
generating interfaces for package configPkg (because package/package.xdc.inc is older than package.xdc) ...
configuring empty_min.xem4f from package/cfg/empty_min_pem4f.cfg ...
subdir_rules.mk:26: recipe for target 'build-772811857-inproc' failed
error: xdc.cfg.Program: "C:/ti/xdctools_3_50_03_33_core/packages/xdc/cfg/Program.xs", line 71: xdc.cfg.Program : The package 'ti.sysbios.knl' is not compatible with XDCtools used in this build. Please either use XDCtools compatible with that package, or update the product containing that package, or rebuild the package with XDCtools 3.50 or later.
js: "C:/ti/xdctools_3_50_03_33_core/packages/xdc/cfg/Main.xs", line 160: Error: Configuration failed!
gmake.exe: *** [package/cfg/empty_min_pem4f.xdl] Error 1
js: "C:/ti/xdctools_3_50_03_33_core/packages/xdc/tools/Cmdr.xs", line 52: Error: xdc.tools.configuro: configuration failed due to earlier errors (status = 2); 'linker.cmd' deleted.
gmake[1]: *** [build-772811857-inproc] Error 1
gmake[1]: Leaving directory 'C:/Users/Ben/Documents/MQP_Code/MQP_TivaWare_Tests/HID_Test/Debug'
gmake: *** No rule to make target 'build-772811857', needed by 'configPkg/compiler.opt'.
gmake: *** No rule to make target 'build-772811857', needed by 'configPkg/compiler.opt'.
gmake: Target 'all' not remade because of errors.

**** Build Finished ****

**** Build of configuration Debug for project TivaWare_Test ****

"C:\\ti\\ccsv7\\utils\\bin\\gmake" -k -j 4 all -O 
gmake[1]: 'TivaWare_Test.out' is up to date.

**** Build Finished ****

**** Build of configuration Debug for project usbkeyboarddevice_EK_TM4C123GXL_TI ****

"C:\\ti\\ccsv7\\utils\\bin\\gmake" -k -j 4 all -O 
making ../src/sysbios/sysbios.aem4f ...
gmake[1]: Nothing to be done for 'all'.
making ../src/sysbios/sysbios.aem4f ...
gmake[2]: Nothing to be done for 'all'.

**** Build Finished ****

**** Build of configuration Debug for project CANRX ****

"C:\\ti\\ccsv7\\utils\\bin\\gmake" -k all 
gmake: Nothing to be done for 'all'.

**** Build Finished ****

**** Build of configuration Debug for project CANTX ****

"C:\\ti\\ccsv7\\utils\\bin\\gmake" -k all 
gmake: Nothing to be done for 'all'.

**** Build Finished ****

**** Clean-only build of configuration Debug for project HID_Test ****

"C:\\ti\\ccsv7\\utils\\bin\\gmake" -k -j 4 clean -O 
DEL /F  "../src/makefile.libs" "HID_Test.hex"  "configPkg\linker.cmd" "configPkg\compiler.opt"  "HID_Test.out" 
makefile:159: recipe for target 'clean' failed
The system cannot find the path specified.
gmake: [clean] Error 3 (ignored)
Could Not Find C:\Users\Ben\Documents\MQP_Code\MQP_TivaWare_Tests\HID_Test\Debug\EK_TM4C123GXL.obj
Could Not Find C:\Users\Ben\Documents\MQP_Code\MQP_TivaWare_Tests\HID_Test\Debug\EK_TM4C123GXL.d
RMDIR /S/Q  "configPkg\" 
DEL /F "EK_TM4C123GXL.obj" "empty_min.obj" 
DEL /F "EK_TM4C123GXL.d" "empty_min.d" 
'Finished clean'
' '

**** Build Finished ****

**** Build of configuration Debug for project HID_Test ****

"C:\\ti\\ccsv7\\utils\\bin\\gmake" -k -j 4 all -O 
gmake[1]: Entering directory 'C:/Users/Ben/Documents/MQP_Code/MQP_TivaWare_Tests/HID_Test/Debug'
'Building file: ../empty_min.cfg'
'Invoking: XDCtools'
"C:/ti/xdctools_3_32_02_25_core/xs" --xdcpath="C:/ti/tirtos_tivac_2_16_00_08/packages;C:/ti/tirtos_tivac_2_16_00_08/products/tidrivers_tivac_2_16_00_08/packages;C:/ti/tirtos_tivac_2_16_00_08/products/bios_6_45_01_29/packages;C:/ti/tirtos_tivac_2_16_00_08/products/ndk_2_25_00_09/packages;C:/ti/tirtos_tivac_2_16_00_08/products/uia_2_00_05_50/packages;C:/ti/tirtos_tivac_2_16_00_08/products/ns_1_11_00_10/packages;C:/ti/ccsv7/ccs_base;" xdc.tools.configuro -o configPkg -t ti.targets.arm.elf.M4F -p ti.platforms.tiva:TM4C123GH6PM -r release -c "C:/ti/ccsv7/tools/compiler/ti-cgt-arm_18.1.0.LTS" --compileOptions "-mv7M4 --code_state=16 --float_support=FPv4SPD16 -me --include_path=\"C:/Users/Ben/Documents/MQP_Code/MQP_TivaWare_Tests/HID_Test\" --include_path=\"C:/Users/Ben/Documents/MQP_Code/MQP_TivaWare_Tests/HID_Test\" --include_path=\"C:/ti/tirtos_tivac_2_16_00_08/products/TivaWare_C_Series-2.1.1.71b\" --include_path=\"C:/ti/tirtos_tivac_2_16_00_08/products/bios_6_45_01_29/packages/ti/sysbios/posix\" --include_path=\"C:/ti/ccsv7/tools/compiler/ti-cgt-arm_18.1.0.LTS/include\" --define=ccs=\"ccs\" --define=PART_TM4C123GH6PM --define=ccs --define=TIVAWARE -g --gcc --diag_warning=225 --diag_warning=255 --diag_wrap=off --display_error_number --gen_func_subsections=on --abi=eabi  " "../empty_min.cfg"
making package.mak (because of package.bld) ...
generating interfaces for package configPkg (because package/package.xdc.inc is older than package.xdc) ...
configuring empty_min.xem4f from package/cfg/empty_min_pem4f.cfg ...
generating custom ti.sysbios library makefile ... 
Starting build of library sources ...
making C:/Users/Ben/Documents/MQP_Code/MQP_TivaWare_Tests/HID_Test/src/sysbios/sysbios.aem4f ...
gmake[1]: Entering directory `C:/Users/Ben/Documents/MQP_Code/MQP_TivaWare_Tests/HID_Test/src/sysbios'
clem4f C:/ti/tirtos_tivac_2_16_00_08/products/bios_6_45_01_29/packages/ti/sysbios/BIOS.c ...
asmem4f C:/ti/tirtos_tivac_2_16_00_08/products/bios_6_45_01_29/packages/ti/sysbios/family/arm/m3/Hwi_asm.sv7M ...
asmem4f C:/ti/tirtos_tivac_2_16_00_08/products/bios_6_45_01_29/packages/ti/sysbios/family/arm/m3/Hwi_asm_switch.sv7M ...
asmem4f C:/ti/tirtos_tivac_2_16_00_08/products/bios_6_45_01_29/packages/ti/sysbios/family/arm/m3/IntrinsicsSupport_asm.sv7M ...
asmem4f C:/ti/tirtos_tivac_2_16_00_08/products/bios_6_45_01_29/packages/ti/sysbios/family/arm/m3/TaskSupport_asm.sv7M ...
arem4f BIOS.obj m3_Hwi_asm.obj m3_Hwi_asm_switch.obj m3_IntrinsicsSupport_asm.obj m3_TaskSupport_asm.obj ...
gmake[1]: Leaving directory `C:/Users/Ben/Documents/MQP_Code/MQP_TivaWare_Tests/HID_Test/src/sysbios'
Build of libraries done.
clem4f package/cfg/empty_min_pem4f.c ...
"package/cfg/empty_min_pem4f.c", line 15002: warning #112-D: statement is unreachable
"package/cfg/empty_min_pem4f.c", line 15488: warning #112-D: statement is unreachable
"package/cfg/empty_min_pem4f.c", line 15762: warning #112-D: statement is unreachable
"package/cfg/empty_min_pem4f.c", line 15943: warning #112-D: statement is unreachable
"package/cfg/empty_min_pem4f.c", line 16324: warning #112-D: statement is unreachable
'Finished building: ../empty_min.cfg'
' '
gmake[1]: Leaving directory 'C:/Users/Ben/Documents/MQP_Code/MQP_TivaWare_Tests/HID_Test/Debug'
        1 file(s) copied.
making ../src/sysbios/sysbios.aem4f ...
gmake[1]: Nothing to be done for 'all'.
'Building file: ../empty_min.c'
'Invoking: ARM Compiler'
"C:/ti/ccsv7/tools/compiler/ti-cgt-arm_18.1.0.LTS/bin/armcl" -mv7M4 --code_state=16 --float_support=FPv4SPD16 -me --include_path="C:/Users/Ben/Documents/MQP_Code/MQP_TivaWare_Tests/HID_Test" --include_path="C:/Users/Ben/Documents/MQP_Code/MQP_TivaWare_Tests/HID_Test" --include_path="C:/ti/tirtos_tivac_2_16_00_08/products/TivaWare_C_Series-2.1.1.71b" --include_path="C:/ti/tirtos_tivac_2_16_00_08/products/bios_6_45_01_29/packages/ti/sysbios/posix" --include_path="C:/ti/ccsv7/tools/compiler/ti-cgt-arm_18.1.0.LTS/include" --define=ccs="ccs" --define=PART_TM4C123GH6PM --define=ccs --define=TIVAWARE -g --gcc --diag_warning=225 --diag_warning=255 --diag_wrap=off --display_error_number --gen_func_subsections=on --abi=eabi --preproc_with_compile --preproc_dependency="empty_min.d" --cmd_file="configPkg/compiler.opt" "../empty_min.c"

>> Compilation failure
subdir_rules.mk:16: recipe for target 'empty_min.obj' failed
"C:/ti/tirtos_tivac_2_16_00_08/products/TivaWare_C_Series-2.1.1.71b/usblib/usbhid.h", line 547: error #66: expected a ";"
"C:/ti/tirtos_tivac_2_16_00_08/products/TivaWare_C_Series-2.1.1.71b/usblib/usbhid.h", line 594: error #20: identifier "tHIDClassDescriptorInfo" is undefined
"C:/ti/tirtos_tivac_2_16_00_08/products/TivaWare_C_Series-2.1.1.71b/usblib/usbhid.h", line 596: error #258: invalid redeclaration of type name "PACKED" (declared at line 547)
"C:/ti/tirtos_tivac_2_16_00_08/products/TivaWare_C_Series-2.1.1.71b/usblib/usbhid.h", line 596: error #66: expected a ";"
"../empty_min.c", line 102: warning #225-D: function "SysCtlPeripheralEnable" declared implicitly
"../empty_min.c", line 102: error #20: identifier "SYSCTL_PERIPH_USB0" is undefined
"../empty_min.c", line 103: warning #225-D: function "SysCtlUSBPLLEnable" declared implicitly
"../empty_min.c", line 106: warning #225-D: function "GPIOPinTypeUSBAnalog" declared implicitly
"../empty_min.c", line 106: error #20: identifier "GPIO_PORTD_BASE" is undefined
"../empty_min.c", line 106: error #20: identifier "GPIO_PIN_4" is undefined
"../empty_min.c", line 106: error #20: identifier "GPIO_PIN_5" is undefined
8 errors detected in the compilation of "../empty_min.c".
gmake: *** [empty_min.obj] Error 1
'Building file: ../EK_TM4C123GXL.c'
'Invoking: ARM Compiler'
"C:/ti/ccsv7/tools/compiler/ti-cgt-arm_18.1.0.LTS/bin/armcl" -mv7M4 --code_state=16 --float_support=FPv4SPD16 -me --include_path="C:/Users/Ben/Documents/MQP_Code/MQP_TivaWare_Tests/HID_Test" --include_path="C:/Users/Ben/Documents/MQP_Code/MQP_TivaWare_Tests/HID_Test" --include_path="C:/ti/tirtos_tivac_2_16_00_08/products/TivaWare_C_Series-2.1.1.71b" --include_path="C:/ti/tirtos_tivac_2_16_00_08/products/bios_6_45_01_29/packages/ti/sysbios/posix" --include_path="C:/ti/ccsv7/tools/compiler/ti-cgt-arm_18.1.0.LTS/include" --define=ccs="ccs" --define=PART_TM4C123GH6PM --define=ccs --define=TIVAWARE -g --gcc --diag_warning=225 --diag_warning=255 --diag_wrap=off --display_error_number --gen_func_subsections=on --abi=eabi --preproc_with_compile --preproc_dependency="EK_TM4C123GXL.d" --cmd_file="configPkg/compiler.opt" "../EK_TM4C123GXL.c"
'Finished building: ../EK_TM4C123GXL.c'
' '
gmake: Target 'all' not remade because of errors.

**** Build Finished ****

**** Build of configuration Debug for project TivaWare_Test ****

"C:\\ti\\ccsv7\\utils\\bin\\gmake" -k -j 4 all -O 
gmake[1]: 'TivaWare_Test.out' is up to date.

**** Build Finished ****

**** Build of configuration Debug for project usbkeyboarddevice_EK_TM4C123GXL_TI ****

"C:\\ti\\ccsv7\\utils\\bin\\gmake" -k -j 4 all -O 
making ../src/sysbios/sysbios.aem4f ...
gmake[1]: Nothing to be done for 'all'.
making ../src/sysbios/sysbios.aem4f ...
gmake[2]: Nothing to be done for 'all'.

**** Build Finished ****

**** Build of configuration Debug for project CANRX ****

"C:\\ti\\ccsv7\\utils\\bin\\gmake" -k all 
gmake: Nothing to be done for 'all'.

**** Build Finished ****

**** Build of configuration Debug for project CANTX ****

"C:\\ti\\ccsv7\\utils\\bin\\gmake" -k all 
gmake: Nothing to be done for 'all'.

**** Build Finished ****

**** Build of configuration Debug for project HID_Test ****

"C:\\ti\\ccsv7\\utils\\bin\\gmake" -k -j 4 all -O 
making ../src/sysbios/sysbios.aem4f ...
gmake[1]: Nothing to be done for 'all'.
'Building file: ../empty_min.c'
'Invoking: ARM Compiler'
"C:/ti/ccsv7/tools/compiler/ti-cgt-arm_18.1.0.LTS/bin/armcl" -mv7M4 --code_state=16 --float_support=FPv4SPD16 -me --include_path="C:/Users/Ben/Documents/MQP_Code/MQP_TivaWare_Tests/HID_Test" --include_path="C:/Users/Ben/Documents/MQP_Code/MQP_TivaWare_Tests/HID_Test" --include_path="C:/ti/tirtos_tivac_2_16_00_08/products/TivaWare_C_Series-2.1.1.71b" --include_path="C:/ti/tirtos_tivac_2_16_00_08/products/bios_6_45_01_29/packages/ti/sysbios/posix" --include_path="C:/ti/ccsv7/tools/compiler/ti-cgt-arm_18.1.0.LTS/include" --define=ccs="ccs" --define=PART_TM4C123GH6PM --define=ccs --define=TIVAWARE -g --gcc --diag_warning=225 --diag_warning=255 --diag_wrap=off --display_error_number --gen_func_subsections=on --abi=eabi --preproc_with_compile --preproc_dependency="empty_min.d" --cmd_file="configPkg/compiler.opt" "../empty_min.c"

>> Compilation failure
subdir_rules.mk:16: recipe for target 'empty_min.obj' failed
"C:/ti/tirtos_tivac_2_16_00_08/products/TivaWare_C_Series-2.1.1.71b/usblib/usbhid.h", line 547: error #66: expected a ";"
"C:/ti/tirtos_tivac_2_16_00_08/products/TivaWare_C_Series-2.1.1.71b/usblib/usbhid.h", line 594: error #20: identifier "tHIDClassDescriptorInfo" is undefined
"C:/ti/tirtos_tivac_2_16_00_08/products/TivaWare_C_Series-2.1.1.71b/usblib/usbhid.h", line 596: error #258: invalid redeclaration of type name "PACKED" (declared at line 547)
"C:/ti/tirtos_tivac_2_16_00_08/products/TivaWare_C_Series-2.1.1.71b/usblib/usbhid.h", line 596: error #66: expected a ";"
"../empty_min.c", line 52: fatal error #1965: cannot open source file "driverlib/pinmap.h"
4 errors and 1 catastrophic error detected in the compilation of "../empty_min.c".
Compilation terminated.
gmake: *** [empty_min.obj] Error 1
gmake: Target 'all' not remade because of errors.

**** Build Finished ****

**** Build of configuration Debug for project TivaWare_Test ****

"C:\\ti\\ccsv7\\utils\\bin\\gmake" -k -j 4 all -O 
gmake[1]: 'TivaWare_Test.out' is up to date.

**** Build Finished ****

**** Build of configuration Debug for project usbkeyboarddevice_EK_TM4C123GXL_TI ****

"C:\\ti\\ccsv7\\utils\\bin\\gmake" -k -j 4 all -O 
making ../src/sysbios/sysbios.aem4f ...
gmake[1]: Nothing to be done for 'all'.
making ../src/sysbios/sysbios.aem4f ...
gmake[2]: Nothing to be done for 'all'.

**** Build Finished ****

**** Build of configuration Debug for project CANRX ****

"C:\\ti\\ccsv7\\utils\\bin\\gmake" -k all 
gmake: Nothing to be done for 'all'.

**** Build Finished ****

**** Build of configuration Debug for project CANTX ****

"C:\\ti\\ccsv7\\utils\\bin\\gmake" -k all 
gmake: Nothing to be done for 'all'.

**** Build Finished ****

**** Build of configuration Debug for project HID_Test ****

"C:\\ti\\ccsv7\\utils\\bin\\gmake" -k -j 4 all -O 
making ../src/sysbios/sysbios.aem4f ...
gmake[1]: Nothing to be done for 'all'.
'Building file: ../empty_min.c'
'Invoking: ARM Compiler'
"C:/ti/ccsv7/tools/compiler/ti-cgt-arm_18.1.0.LTS/bin/armcl" -mv7M4 --code_state=16 --float_support=FPv4SPD16 -me --include_path="C:/Users/Ben/Documents/MQP_Code/MQP_TivaWare_Tests/HID_Test" --include_path="C:/Users/Ben/Documents/MQP_Code/MQP_TivaWare_Tests/HID_Test" --include_path="C:/ti/tirtos_tivac_2_16_00_08/products/TivaWare_C_Series-2.1.1.71b" --include_path="C:/ti/tirtos_tivac_2_16_00_08/products/bios_6_45_01_29/packages/ti/sysbios/posix" --include_path="C:/ti/ccsv7/tools/compiler/ti-cgt-arm_18.1.0.LTS/include" --define=ccs="ccs" --define=PART_TM4C123GH6PM --define=ccs --define=TIVAWARE -g --gcc --diag_warning=225 --diag_warning=255 --diag_wrap=off --display_error_number --gen_func_subsections=on --abi=eabi --preproc_with_compile --preproc_dependency="empty_min.d" --cmd_file="configPkg/compiler.opt" "../empty_min.c"

>> Compilation failure
subdir_rules.mk:16: recipe for target 'empty_min.obj' failed
"C:/ti/tirtos_tivac_2_16_00_08/products/TivaWare_C_Series-2.1.1.71b/usblib/usbhid.h", line 547: error #66: expected a ";"
"C:/ti/tirtos_tivac_2_16_00_08/products/TivaWare_C_Series-2.1.1.71b/usblib/usbhid.h", line 594: error #20: identifier "tHIDClassDescriptorInfo" is undefined
"C:/ti/tirtos_tivac_2_16_00_08/products/TivaWare_C_Series-2.1.1.71b/usblib/usbhid.h", line 596: error #258: invalid redeclaration of type name "PACKED" (declared at line 547)
"C:/ti/tirtos_tivac_2_16_00_08/products/TivaWare_C_Series-2.1.1.71b/usblib/usbhid.h", line 596: error #66: expected a ";"
"../empty_min.c", line 103: warning #225-D: function "SysCtlPeripheralEnable" declared implicitly
"../empty_min.c", line 103: error #20: identifier "SYSCTL_PERIPH_USB0" is undefined
"../empty_min.c", line 104: warning #225-D: function "SysCtlUSBPLLEnable" declared implicitly
"../empty_min.c", line 107: warning #225-D: function "GPIOPinTypeUSBAnalog" declared implicitly
"../empty_min.c", line 107: error #20: identifier "GPIO_PORTD_BASE" is undefined
"../empty_min.c", line 107: error #20: identifier "GPIO_PIN_4" is undefined
"../empty_min.c", line 107: error #20: identifier "GPIO_PIN_5" is undefined
8 errors detected in the compilation of "../empty_min.c".
gmake: *** [empty_min.obj] Error 1
gmake: Target 'all' not remade because of errors.

**** Build Finished ****

**** Build of configuration Debug for project TivaWare_Test ****

"C:\\ti\\ccsv7\\utils\\bin\\gmake" -k -j 4 all -O 
gmake[1]: 'TivaWare_Test.out' is up to date.

**** Build Finished ****

**** Build of configuration Debug for project usbkeyboarddevice_EK_TM4C123GXL_TI ****

"C:\\ti\\ccsv7\\utils\\bin\\gmake" -k -j 4 all -O 
making ../src/sysbios/sysbios.aem4f ...
gmake[1]: Nothing to be done for 'all'.
making ../src/sysbios/sysbios.aem4f ...
gmake[2]: Nothing to be done for 'all'.

**** Build Finished ****

**** Build of configuration Debug for project CANRX ****

"C:\\ti\\ccsv7\\utils\\bin\\gmake" -k all 
gmake: Nothing to be done for 'all'.

**** Build Finished ****

**** Build of configuration Debug for project CANTX ****

"C:\\ti\\ccsv7\\utils\\bin\\gmake" -k all 
gmake: Nothing to be done for 'all'.

**** Build Finished ****

**** Build of configuration Debug for project HID_Test ****

"C:\\ti\\ccsv7\\utils\\bin\\gmake" -k -j 4 all -O 
making ../src/sysbios/sysbios.aem4f ...
gmake[1]: Nothing to be done for 'all'.
'Building file: ../empty_min.c'
'Invoking: ARM Compiler'
"C:/ti/ccsv7/tools/compiler/ti-cgt-arm_18.1.0.LTS/bin/armcl" -mv7M4 --code_state=16 --float_support=FPv4SPD16 -me --include_path="C:/Users/Ben/Documents/MQP_Code/MQP_TivaWare_Tests/HID_Test" --include_path="C:/Users/Ben/Documents/MQP_Code/MQP_TivaWare_Tests/HID_Test" --include_path="C:/ti/tirtos_tivac_2_16_00_08/products/TivaWare_C_Series-2.1.1.71b" --include_path="C:/ti/tirtos_tivac_2_16_00_08/products/bios_6_45_01_29/packages/ti/sysbios/posix" --include_path="C:/ti/ccsv7/tools/compiler/ti-cgt-arm_18.1.0.LTS/include" --define=ccs="ccs" --define=PART_TM4C123GH6PM --define=ccs --define=TIVAWARE -g --gcc --diag_warning=225 --diag_warning=255 --diag_wrap=off --display_error_number --gen_func_subsections=on --abi=eabi --preproc_with_compile --preproc_dependency="empty_min.d" --cmd_file="configPkg/compiler.opt" "../empty_min.c"

>> Compilation failure
subdir_rules.mk:16: recipe for target 'empty_min.obj' failed
"C:/ti/tirtos_tivac_2_16_00_08/products/TivaWare_C_Series-2.1.1.71b/usblib/usbhid.h", line 547: error #66: expected a ";"
"C:/ti/tirtos_tivac_2_16_00_08/products/TivaWare_C_Series-2.1.1.71b/usblib/usbhid.h", line 594: error #20: identifier "tHIDClassDescriptorInfo" is undefined
"C:/ti/tirtos_tivac_2_16_00_08/products/TivaWare_C_Series-2.1.1.71b/usblib/usbhid.h", line 596: error #258: invalid redeclaration of type name "PACKED" (declared at line 547)
"C:/ti/tirtos_tivac_2_16_00_08/products/TivaWare_C_Series-2.1.1.71b/usblib/usbhid.h", line 596: error #66: expected a ";"
"C:/ti/tirtos_tivac_2_16_00_08/products/TivaWare_C_Series-2.1.1.71b/driverlib/gpio.h", line 153: error #20: identifier "bool" is undefined
"C:/ti/tirtos_tivac_2_16_00_08/products/TivaWare_C_Series-2.1.1.71b/driverlib/sysctl.h", line 585: error #20: identifier "bool" is undefined
"C:/ti/tirtos_tivac_2_16_00_08/products/TivaWare_C_Series-2.1.1.71b/driverlib/sysctl.h", line 586: error #20: identifier "bool" is undefined
"C:/ti/tirtos_tivac_2_16_00_08/products/TivaWare_C_Series-2.1.1.71b/driverlib/sysctl.h", line 596: error #20: identifier "bool" is undefined
"C:/ti/tirtos_tivac_2_16_00_08/products/TivaWare_C_Series-2.1.1.71b/driverlib/sysctl.h", line 602: error #20: identifier "bool" is undefined
"C:/ti/tirtos_tivac_2_16_00_08/products/TivaWare_C_Series-2.1.1.71b/driverlib/sysctl.h", line 626: error #20: identifier "bool" is undefined
"C:/ti/tirtos_tivac_2_16_00_08/products/TivaWare_C_Series-2.1.1.71b/driverlib/sysctl.h", line 627: error #20: identifier "bool" is undefined
"C:/ti/tirtos_tivac_2_16_00_08/products/TivaWare_C_Series-2.1.1.71b/driverlib/sysctl.h", line 628: error #20: identifier "bool" is undefined
"../empty_min.c", line 109: error #20: identifier "GPIO_PORTD_BASE" is undefined
13 errors detected in the compilation of "../empty_min.c".
gmake: *** [empty_min.obj] Error 1
gmake: Target 'all' not remade because of errors.

**** Build Finished ****

**** Build of configuration Debug for project TivaWare_Test ****

"C:\\ti\\ccsv7\\utils\\bin\\gmake" -k -j 4 all -O 
gmake[1]: 'TivaWare_Test.out' is up to date.

**** Build Finished ****

**** Build of configuration Debug for project usbkeyboarddevice_EK_TM4C123GXL_TI ****

"C:\\ti\\ccsv7\\utils\\bin\\gmake" -k -j 4 all -O 
making ../src/sysbios/sysbios.aem4f ...
gmake[1]: Nothing to be done for 'all'.
making ../src/sysbios/sysbios.aem4f ...
gmake[2]: Nothing to be done for 'all'.

**** Build Finished ****

**** Build of configuration Debug for project CANRX ****

"C:\\ti\\ccsv7\\utils\\bin\\gmake" -k all 
gmake: Nothing to be done for 'all'.

**** Build Finished ****

**** Build of configuration Debug for project CANTX ****

"C:\\ti\\ccsv7\\utils\\bin\\gmake" -k all 
gmake: Nothing to be done for 'all'.

**** Build Finished ****

**** Build of configuration Debug for project HID_Test ****

"C:\\ti\\ccsv7\\utils\\bin\\gmake" -k -j 4 all -O 
making ../src/sysbios/sysbios.aem4f ...
gmake[1]: Nothing to be done for 'all'.
'Building file: ../empty_min.c'
'Invoking: ARM Compiler'
"C:/ti/ccsv7/tools/compiler/ti-cgt-arm_18.1.0.LTS/bin/armcl" -mv7M4 --code_state=16 --float_support=FPv4SPD16 -me --include_path="C:/Users/Ben/Documents/MQP_Code/MQP_TivaWare_Tests/HID_Test" --include_path="C:/Users/Ben/Documents/MQP_Code/MQP_TivaWare_Tests/HID_Test" --include_path="C:/ti/tirtos_tivac_2_16_00_08/products/TivaWare_C_Series-2.1.1.71b" --include_path="C:/ti/tirtos_tivac_2_16_00_08/products/bios_6_45_01_29/packages/ti/sysbios/posix" --include_path="C:/ti/ccsv7/tools/compiler/ti-cgt-arm_18.1.0.LTS/include" --define=ccs="ccs" --define=PART_TM4C123GH6PM --define=ccs --define=TIVAWARE -g --gcc --diag_warning=225 --diag_warning=255 --diag_wrap=off --display_error_number --gen_func_subsections=on --abi=eabi --preproc_with_compile --preproc_dependency="empty_min.d" --cmd_file="configPkg/compiler.opt" "../empty_min.c"

>> Compilation failure
subdir_rules.mk:16: recipe for target 'empty_min.obj' failed
"C:/ti/tirtos_tivac_2_16_00_08/products/TivaWare_C_Series-2.1.1.71b/usblib/usbhid.h", line 547: error #66: expected a ";"
"C:/ti/tirtos_tivac_2_16_00_08/products/TivaWare_C_Series-2.1.1.71b/usblib/usbhid.h", line 594: error #20: identifier "tHIDClassDescriptorInfo" is undefined
"C:/ti/tirtos_tivac_2_16_00_08/products/TivaWare_C_Series-2.1.1.71b/usblib/usbhid.h", line 596: error #258: invalid redeclaration of type name "PACKED" (declared at line 547)
"C:/ti/tirtos_tivac_2_16_00_08/products/TivaWare_C_Series-2.1.1.71b/usblib/usbhid.h", line 596: error #66: expected a ";"
4 errors detected in the compilation of "../empty_min.c".
gmake: *** [empty_min.obj] Error 1
gmake: Target 'all' not remade because of errors.

**** Build Finished ****

**** Build of configuration Debug for project TivaWare_Test ****

"C:\\ti\\ccsv7\\utils\\bin\\gmake" -k -j 4 all -O 
gmake[1]: 'TivaWare_Test.out' is up to date.

**** Build Finished ****

**** Build of configuration Debug for project usbkeyboarddevice_EK_TM4C123GXL_TI ****

"C:\\ti\\ccsv7\\utils\\bin\\gmake" -k -j 4 all -O 
making ../src/sysbios/sysbios.aem4f ...
gmake[1]: Nothing to be done for 'all'.
making ../src/sysbios/sysbios.aem4f ...
gmake[2]: Nothing to be done for 'all'.

**** Build Finished ****

**** Build of configuration Debug for project CANRX ****

"C:\\ti\\ccsv7\\utils\\bin\\gmake" -k all 
gmake: Nothing to be done for 'all'.

**** Build Finished ****

**** Build of configuration Debug for project CANTX ****

"C:\\ti\\ccsv7\\utils\\bin\\gmake" -k all 
gmake: Nothing to be done for 'all'.

**** Build Finished ****

**** Build of configuration Debug for project HID_Test ****

"C:\\ti\\ccsv7\\utils\\bin\\gmake" -k -j 4 all -O 
making ../src/sysbios/sysbios.aem4f ...
gmake[1]: Nothing to be done for 'all'.
'Building file: ../empty_min.c'
'Invoking: ARM Compiler'
"C:/ti/ccsv7/tools/compiler/ti-cgt-arm_18.1.0.LTS/bin/armcl" -mv7M4 --code_state=16 --float_support=FPv4SPD16 -me --include_path="C:/Users/Ben/Documents/MQP_Code/MQP_TivaWare_Tests/HID_Test" --include_path="C:/Users/Ben/Documents/MQP_Code/MQP_TivaWare_Tests/HID_Test" --include_path="C:/ti/tirtos_tivac_2_16_00_08/products/TivaWare_C_Series-2.1.1.71b" --include_path="C:/ti/tirtos_tivac_2_16_00_08/products/bios_6_45_01_29/packages/ti/sysbios/posix" --include_path="C:/ti/ccsv7/tools/compiler/ti-cgt-arm_18.1.0.LTS/include" --define=ccs="ccs" --define=PART_TM4C123GH6PM --define=ccs --define=TIVAWARE -g --gcc --diag_warning=225 --diag_warning=255 --diag_wrap=off --display_error_number --gen_func_subsections=on --abi=eabi --preproc_with_compile --preproc_dependency="empty_min.d" --cmd_file="configPkg/compiler.opt" "../empty_min.c"

>> Compilation failure
subdir_rules.mk:16: recipe for target 'empty_min.obj' failed
"C:/ti/tirtos_tivac_2_16_00_08/products/TivaWare_C_Series-2.1.1.71b/usblib/usbhid.h", line 547: error #66: expected a ";"
"C:/ti/tirtos_tivac_2_16_00_08/products/TivaWare_C_Series-2.1.1.71b/usblib/usbhid.h", line 594: error #20: identifier "tHIDClassDescriptorInfo" is undefined
"C:/ti/tirtos_tivac_2_16_00_08/products/TivaWare_C_Series-2.1.1.71b/usblib/usbhid.h", line 596: error #258: invalid redeclaration of type name "PACKED" (declared at line 547)
"C:/ti/tirtos_tivac_2_16_00_08/products/TivaWare_C_Series-2.1.1.71b/usblib/usbhid.h", line 596: error #66: expected a ";"
4 errors detected in the compilation of "../empty_min.c".
gmake: *** [empty_min.obj] Error 1
gmake: Target 'all' not remade because of errors.

**** Build Finished ****

**** Build of configuration Debug for project TivaWare_Test ****

"C:\\ti\\ccsv7\\utils\\bin\\gmake" -k -j 4 all -O 
gmake[1]: 'TivaWare_Test.out' is up to date.

**** Build Finished ****

**** Build of configuration Debug for project usbkeyboarddevice_EK_TM4C123GXL_TI ****

"C:\\ti\\ccsv7\\utils\\bin\\gmake" -k -j 4 all -O 
making ../src/sysbios/sysbios.aem4f ...
gmake[1]: Nothing to be done for 'all'.
making ../src/sysbios/sysbios.aem4f ...
gmake[2]: Nothing to be done for 'all'.

**** Build Finished ****

**** Build of configuration Debug for project CANRX ****

"C:\\ti\\ccsv7\\utils\\bin\\gmake" -k all 
gmake: Nothing to be done for 'all'.

**** Build Finished ****

**** Build of configuration Debug for project CANTX ****

"C:\\ti\\ccsv7\\utils\\bin\\gmake" -k all 
gmake: Nothing to be done for 'all'.

**** Build Finished ****

**** Build of configuration Debug for project HID_Test ****

"C:\\ti\\ccsv7\\utils\\bin\\gmake" -k -j 4 all -O 
making ../src/sysbios/sysbios.aem4f ...
gmake[1]: Nothing to be done for 'all'.
'Building file: ../empty_min.c'
'Invoking: ARM Compiler'
"C:/ti/ccsv7/tools/compiler/ti-cgt-arm_18.1.0.LTS/bin/armcl" -mv7M4 --code_state=16 --float_support=FPv4SPD16 -me --include_path="C:/Users/Ben/Documents/MQP_Code/MQP_TivaWare_Tests/HID_Test" --include_path="C:/Users/Ben/Documents/MQP_Code/MQP_TivaWare_Tests/HID_Test" --include_path="C:/ti/tirtos_tivac_2_16_00_08/products/TivaWare_C_Series-2.1.1.71b" --include_path="C:/ti/tirtos_tivac_2_16_00_08/products/bios_6_45_01_29/packages/ti/sysbios/posix" --include_path="C:/ti/ccsv7/tools/compiler/ti-cgt-arm_18.1.0.LTS/include" --define=ccs="ccs" --define=PART_TM4C123GH6PM --define=ccs --define=TIVAWARE -g --gcc --diag_warning=225 --diag_warning=255 --diag_wrap=off --display_error_number --gen_func_subsections=on --abi=eabi --preproc_with_compile --preproc_dependency="empty_min.d" --cmd_file="configPkg/compiler.opt" "../empty_min.c"

>> Compilation failure
subdir_rules.mk:16: recipe for target 'empty_min.obj' failed
"C:/ti/tirtos_tivac_2_16_00_08/products/TivaWare_C_Series-2.1.1.71b/usblib/usbhid.h", line 547: error #66: expected a ";"
"C:/ti/tirtos_tivac_2_16_00_08/products/TivaWare_C_Series-2.1.1.71b/usblib/usbhid.h", line 594: error #20: identifier "tHIDClassDescriptorInfo" is undefined
"C:/ti/tirtos_tivac_2_16_00_08/products/TivaWare_C_Series-2.1.1.71b/usblib/usbhid.h", line 596: error #258: invalid redeclaration of type name "PACKED" (declared at line 547)
"C:/ti/tirtos_tivac_2_16_00_08/products/TivaWare_C_Series-2.1.1.71b/usblib/usbhid.h", line 596: error #66: expected a ";"
4 errors detected in the compilation of "../empty_min.c".
gmake: *** [empty_min.obj] Error 1
gmake: Target 'all' not remade because of errors.

**** Build Finished ****

**** Build of configuration Debug for project TivaWare_Test ****

"C:\\ti\\ccsv7\\utils\\bin\\gmake" -k -j 4 all -O 
gmake[1]: 'TivaWare_Test.out' is up to date.

**** Build Finished ****

**** Build of configuration Debug for project usbkeyboarddevice_EK_TM4C123GXL_TI ****

"C:\\ti\\ccsv7\\utils\\bin\\gmake" -k -j 4 all -O 
making ../src/sysbios/sysbios.aem4f ...
gmake[1]: Nothing to be done for 'all'.
making ../src/sysbios/sysbios.aem4f ...
gmake[2]: Nothing to be done for 'all'.

**** Build Finished ****

**** Build of configuration Debug for project CANRX ****

"C:\\ti\\ccsv7\\utils\\bin\\gmake" -k all 
gmake: Nothing to be done for 'all'.

**** Build Finished ****

**** Build of configuration Debug for project CANTX ****

"C:\\ti\\ccsv7\\utils\\bin\\gmake" -k all 
gmake: Nothing to be done for 'all'.

**** Build Finished ****

**** Build of configuration Debug for project HID_Test ****

"C:\\ti\\ccsv7\\utils\\bin\\gmake" -k -j 4 all -O 
making ../src/sysbios/sysbios.aem4f ...
gmake[1]: Nothing to be done for 'all'.
'Building file: ../empty_min.c'
'Invoking: ARM Compiler'
"C:/ti/ccsv7/tools/compiler/ti-cgt-arm_18.1.0.LTS/bin/armcl" -mv7M4 --code_state=16 --float_support=FPv4SPD16 -me --include_path="C:/Users/Ben/Documents/MQP_Code/MQP_TivaWare_Tests/HID_Test" --include_path="C:/Users/Ben/Documents/MQP_Code/MQP_TivaWare_Tests/HID_Test" --include_path="C:/ti/tirtos_tivac_2_16_00_08/products/TivaWare_C_Series-2.1.1.71b" --include_path="C:/ti/tirtos_tivac_2_16_00_08/products/bios_6_45_01_29/packages/ti/sysbios/posix" --include_path="C:/ti/ccsv7/tools/compiler/ti-cgt-arm_18.1.0.LTS/include" --define=ccs="ccs" --define=PART_TM4C123GH6PM --define=ccs --define=TIVAWARE -g --gcc --diag_warning=225 --diag_warning=255 --diag_wrap=off --display_error_number --gen_func_subsections=on --abi=eabi --preproc_with_compile --preproc_dependency="empty_min.d" --cmd_file="configPkg/compiler.opt" "../empty_min.c"

>> Compilation failure
subdir_rules.mk:16: recipe for target 'empty_min.obj' failed
"C:/ti/tirtos_tivac_2_16_00_08/products/TivaWare_C_Series-2.1.1.71b/usblib/usbhid.h", line 547: error #66: expected a ";"
"C:/ti/tirtos_tivac_2_16_00_08/products/TivaWare_C_Series-2.1.1.71b/usblib/usbhid.h", line 594: error #20: identifier "tHIDClassDescriptorInfo" is undefined
"C:/ti/tirtos_tivac_2_16_00_08/products/TivaWare_C_Series-2.1.1.71b/usblib/usbhid.h", line 596: error #258: invalid redeclaration of type name "PACKED" (declared at line 547)
"C:/ti/tirtos_tivac_2_16_00_08/products/TivaWare_C_Series-2.1.1.71b/usblib/usbhid.h", line 596: error #66: expected a ";"
4 errors detected in the compilation of "../empty_min.c".
gmake: *** [empty_min.obj] Error 1
gmake: Target 'all' not remade because of errors.

**** Build Finished ****

**** Build of configuration Debug for project TivaWare_Test ****

"C:\\ti\\ccsv7\\utils\\bin\\gmake" -k -j 4 all -O 
gmake[1]: 'TivaWare_Test.out' is up to date.

**** Build Finished ****

**** Build of configuration Debug for project usbkeyboarddevice_EK_TM4C123GXL_TI ****

"C:\\ti\\ccsv7\\utils\\bin\\gmake" -k -j 4 all -O 
making ../src/sysbios/sysbios.aem4f ...
gmake[1]: Nothing to be done for 'all'.
making ../src/sysbios/sysbios.aem4f ...
gmake[2]: Nothing to be done for 'all'.

**** Build Finished ****

**** Build of configuration Debug for project CANRX ****

"C:\\ti\\ccsv7\\utils\\bin\\gmake" -k all 
gmake: Nothing to be done for 'all'.

**** Build Finished ****

**** Build of configuration Debug for project CANTX ****

"C:\\ti\\ccsv7\\utils\\bin\\gmake" -k all 
gmake: Nothing to be done for 'all'.

**** Build Finished ****

**** Build of configuration Debug for project HID_Test ****

"C:\\ti\\ccsv7\\utils\\bin\\gmake" -k -j 4 all -O 
making ../src/sysbios/sysbios.aem4f ...
gmake[1]: Nothing to be done for 'all'.
'Building file: ../empty_min.c'
'Invoking: ARM Compiler'
"C:/ti/ccsv7/tools/compiler/ti-cgt-arm_18.1.0.LTS/bin/armcl" -mv7M4 --code_state=16 --float_support=FPv4SPD16 -me --include_path="C:/Users/Ben/Documents/MQP_Code/MQP_TivaWare_Tests/HID_Test" --include_path="C:/Users/Ben/Documents/MQP_Code/MQP_TivaWare_Tests/HID_Test" --include_path="C:/ti/tirtos_tivac_2_16_00_08/products/TivaWare_C_Series-2.1.1.71b" --include_path="C:/ti/tirtos_tivac_2_16_00_08/products/bios_6_45_01_29/packages/ti/sysbios/posix" --include_path="C:/ti/ccsv7/tools/compiler/ti-cgt-arm_18.1.0.LTS/include" --define=ccs="ccs" --define=PART_TM4C123GH6PM --define=ccs --define=TIVAWARE -g --gcc --diag_warning=225 --diag_warning=255 --diag_wrap=off --display_error_number --gen_func_subsections=on --abi=eabi --preproc_with_compile --preproc_dependency="empty_min.d" --cmd_file="configPkg/compiler.opt" "../empty_min.c"

>> Compilation failure
subdir_rules.mk:16: recipe for target 'empty_min.obj' failed
"C:/ti/tirtos_tivac_2_16_00_08/products/TivaWare_C_Series-2.1.1.71b/usblib/usbhid.h", line 547: error #66: expected a ";"
"C:/ti/tirtos_tivac_2_16_00_08/products/TivaWare_C_Series-2.1.1.71b/usblib/usbhid.h", line 594: error #20: identifier "tHIDClassDescriptorInfo" is undefined
"C:/ti/tirtos_tivac_2_16_00_08/products/TivaWare_C_Series-2.1.1.71b/usblib/usbhid.h", line 596: error #258: invalid redeclaration of type name "PACKED" (declared at line 547)
"C:/ti/tirtos_tivac_2_16_00_08/products/TivaWare_C_Series-2.1.1.71b/usblib/usbhid.h", line 596: error #66: expected a ";"
4 errors detected in the compilation of "../empty_min.c".
gmake: *** [empty_min.obj] Error 1
gmake: Target 'all' not remade because of errors.

**** Build Finished ****

**** Build of configuration Debug for project TivaWare_Test ****

"C:\\ti\\ccsv7\\utils\\bin\\gmake" -k -j 4 all -O 
gmake[1]: 'TivaWare_Test.out' is up to date.

**** Build Finished ****

**** Build of configuration Debug for project usbkeyboarddevice_EK_TM4C123GXL_TI ****

"C:\\ti\\ccsv7\\utils\\bin\\gmake" -k -j 4 all -O 
making ../src/sysbios/sysbios.aem4f ...
gmake[1]: Nothing to be done for 'all'.
making ../src/sysbios/sysbios.aem4f ...
gmake[2]: Nothing to be done for 'all'.

**** Build Finished ****

**** Build of configuration Debug for project CANRX ****

"C:\\ti\\ccsv7\\utils\\bin\\gmake" -k all 
gmake: Nothing to be done for 'all'.

**** Build Finished ****

**** Build of configuration Debug for project CANTX ****

"C:\\ti\\ccsv7\\utils\\bin\\gmake" -k all 
gmake: Nothing to be done for 'all'.

**** Build Finished ****

**** Build of configuration Debug for project HID_Test ****

"C:\\ti\\ccsv7\\utils\\bin\\gmake" -k -j 4 all -O 
making ../src/sysbios/sysbios.aem4f ...
gmake[1]: Nothing to be done for 'all'.
'Building file: ../empty_min.c'
'Invoking: ARM Compiler'
"C:/ti/ccsv7/tools/compiler/ti-cgt-arm_18.1.0.LTS/bin/armcl" -mv7M4 --code_state=16 --float_support=FPv4SPD16 -me --include_path="C:/Users/Ben/Documents/MQP_Code/MQP_TivaWare_Tests/HID_Test" --include_path="C:/Users/Ben/Documents/MQP_Code/MQP_TivaWare_Tests/HID_Test" --include_path="C:/ti/tirtos_tivac_2_16_00_08/products/TivaWare_C_Series-2.1.1.71b" --include_path="C:/ti/tirtos_tivac_2_16_00_08/products/bios_6_45_01_29/packages/ti/sysbios/posix" --include_path="C:/ti/ccsv7/tools/compiler/ti-cgt-arm_18.1.0.LTS/include" --define=ccs="ccs" --define=PART_TM4C123GH6PM --define=ccs --define=TIVAWARE -g --gcc --diag_warning=225 --diag_warning=255 --diag_wrap=off --display_error_number --gen_func_subsections=on --abi=eabi --preproc_with_compile --preproc_dependency="empty_min.d" --cmd_file="configPkg/compiler.opt" "../empty_min.c"
'Finished building: ../empty_min.c'
' '
making ../src/sysbios/sysbios.aem4f ...
gmake[2]: Nothing to be done for 'all'.
'Building target: HID_Test.out'
'Invoking: ARM Linker'
"C:/ti/ccsv7/tools/compiler/ti-cgt-arm_18.1.0.LTS/bin/armcl" -mv7M4 --code_state=16 --float_support=FPv4SPD16 -me --define=ccs="ccs" --define=PART_TM4C123GH6PM --define=ccs --define=TIVAWARE -g --gcc --diag_warning=225 --diag_warning=255 --diag_wrap=off --display_error_number --gen_func_subsections=on --abi=eabi -z -m"HID_Test.map" --heap_size=0 --stack_size=512 -i"C:/ti/ccsv7/tools/compiler/ti-cgt-arm_18.1.0.LTS/lib" -i"C:/ti/ccsv7/tools/compiler/ti-cgt-arm_18.1.0.LTS/include" --reread_libs --diag_wrap=off --display_error_number --warn_sections --xml_link_info="HID_Test_linkInfo.xml" --rom_model -o "HID_Test.out" "./EK_TM4C123GXL.obj" "./empty_min.obj" "../EK_TM4C123GXL.cmd" -l"configPkg/linker.cmd" -l"C:/ti/tirtos_tivac_2_16_00_08/products/TivaWare_C_Series-2.1.1.71b/grlib/ccs/Debug/grlib.lib" -l"C:/ti/tirtos_tivac_2_16_00_08/products/TivaWare_C_Series-2.1.1.71b/usblib/ccs/Debug/usblib.lib" -l"C:/ti/tirtos_tivac_2_16_00_08/products/TivaWare_C_Series-2.1.1.71b/driverlib/ccs/Debug/driverlib.lib" -llibc.a -llibc.a 
<Linking>
'Finished building target: HID_Test.out'
' '

**** Build Finished ****

**** Build of configuration Debug for project TivaWare_Test ****

"C:\\ti\\ccsv7\\utils\\bin\\gmake" -k -j 4 all -O 
gmake[1]: 'TivaWare_Test.out' is up to date.

**** Build Finished ****

**** Build of configuration Debug for project usbkeyboarddevice_EK_TM4C123GXL_TI ****

"C:\\ti\\ccsv7\\utils\\bin\\gmake" -k -j 4 all -O 
making ../src/sysbios/sysbios.aem4f ...
gmake[1]: Nothing to be done for 'all'.
making ../src/sysbios/sysbios.aem4f ...
gmake[2]: Nothing to be done for 'all'.

**** Build Finished ****

**** Build of configuration Debug for project CANRX ****

"C:\\ti\\ccsv7\\utils\\bin\\gmake" -k all 
gmake: Nothing to be done for 'all'.

**** Build Finished ****

**** Build of configuration Debug for project CANTX ****

"C:\\ti\\ccsv7\\utils\\bin\\gmake" -k all 
gmake: Nothing to be done for 'all'.

**** Build Finished ****

**** Build of configuration Debug for project HID_Test ****

"C:\\ti\\ccsv7\\utils\\bin\\gmake" -k -j 4 all -O 
making ../src/sysbios/sysbios.aem4f ...
gmake[1]: Nothing to be done for 'all'.
'Building file: ../empty_min.c'
'Invoking: ARM Compiler'
"C:/ti/ccsv7/tools/compiler/ti-cgt-arm_18.1.0.LTS/bin/armcl" -mv7M4 --code_state=16 --float_support=FPv4SPD16 -me --include_path="C:/Users/Ben/Documents/MQP_Code/MQP_TivaWare_Tests/HID_Test" --include_path="C:/Users/Ben/Documents/MQP_Code/MQP_TivaWare_Tests/HID_Test" --include_path="C:/ti/tirtos_tivac_2_16_00_08/products/TivaWare_C_Series-2.1.1.71b" --include_path="C:/ti/tirtos_tivac_2_16_00_08/products/bios_6_45_01_29/packages/ti/sysbios/posix" --include_path="C:/ti/ccsv7/tools/compiler/ti-cgt-arm_18.1.0.LTS/include" --define=ccs="ccs" --define=PART_TM4C123GH6PM --define=ccs --define=TIVAWARE -g --gcc --diag_warning=225 --diag_warning=255 --diag_wrap=off --display_error_number --gen_func_subsections=on --abi=eabi --preproc_with_compile --preproc_dependency="empty_min.d" --cmd_file="configPkg/compiler.opt" "../empty_min.c"

>> Compilation failure
subdir_rules.mk:16: recipe for target 'empty_min.obj' failed
"../empty_min.c", line 65: fatal error #1965: cannot open source file "usblib/device/usbhid.h"
1 catastrophic error detected in the compilation of "../empty_min.c".
Compilation terminated.
gmake: *** [empty_min.obj] Error 1
gmake: Target 'all' not remade because of errors.

**** Build Finished ****

**** Build of configuration Debug for project TivaWare_Test ****

"C:\\ti\\ccsv7\\utils\\bin\\gmake" -k -j 4 all -O 
gmake[1]: 'TivaWare_Test.out' is up to date.

**** Build Finished ****

**** Build of configuration Debug for project usbkeyboarddevice_EK_TM4C123GXL_TI ****

"C:\\ti\\ccsv7\\utils\\bin\\gmake" -k -j 4 all -O 
making ../src/sysbios/sysbios.aem4f ...
gmake[1]: Nothing to be done for 'all'.
making ../src/sysbios/sysbios.aem4f ...
gmake[2]: Nothing to be done for 'all'.

**** Build Finished ****

**** Build of configuration Debug for project CANRX ****

"C:\\ti\\ccsv7\\utils\\bin\\gmake" -k all 
gmake: Nothing to be done for 'all'.

**** Build Finished ****

**** Build of configuration Debug for project CANTX ****

"C:\\ti\\ccsv7\\utils\\bin\\gmake" -k all 
gmake: Nothing to be done for 'all'.

**** Build Finished ****

**** Build of configuration Debug for project HID_Test ****

"C:\\ti\\ccsv7\\utils\\bin\\gmake" -k -j 4 all -O 
making ../src/sysbios/sysbios.aem4f ...
gmake[1]: Nothing to be done for 'all'.
'Building file: ../empty_min.c'
'Invoking: ARM Compiler'
"C:/ti/ccsv7/tools/compiler/ti-cgt-arm_18.1.0.LTS/bin/armcl" -mv7M4 --code_state=16 --float_support=FPv4SPD16 -me --include_path="C:/Users/Ben/Documents/MQP_Code/MQP_TivaWare_Tests/HID_Test" --include_path="C:/Users/Ben/Documents/MQP_Code/MQP_TivaWare_Tests/HID_Test" --include_path="C:/ti/tirtos_tivac_2_16_00_08/products/TivaWare_C_Series-2.1.1.71b" --include_path="C:/ti/tirtos_tivac_2_16_00_08/products/bios_6_45_01_29/packages/ti/sysbios/posix" --include_path="C:/ti/ccsv7/tools/compiler/ti-cgt-arm_18.1.0.LTS/include" --define=ccs="ccs" --define=PART_TM4C123GH6PM --define=ccs --define=TIVAWARE -g --gcc --diag_warning=225 --diag_warning=255 --diag_wrap=off --display_error_number --gen_func_subsections=on --abi=eabi --preproc_with_compile --preproc_dependency="empty_min.d" --cmd_file="configPkg/compiler.opt" "../empty_min.c"
'Finished building: ../empty_min.c'
' '
making ../src/sysbios/sysbios.aem4f ...
gmake[2]: Nothing to be done for 'all'.
'Building target: HID_Test.out'
'Invoking: ARM Linker'
"C:/ti/ccsv7/tools/compiler/ti-cgt-arm_18.1.0.LTS/bin/armcl" -mv7M4 --code_state=16 --float_support=FPv4SPD16 -me --define=ccs="ccs" --define=PART_TM4C123GH6PM --define=ccs --define=TIVAWARE -g --gcc --diag_warning=225 --diag_warning=255 --diag_wrap=off --display_error_number --gen_func_subsections=on --abi=eabi -z -m"HID_Test.map" --heap_size=0 --stack_size=512 -i"C:/ti/ccsv7/tools/compiler/ti-cgt-arm_18.1.0.LTS/lib" -i"C:/ti/ccsv7/tools/compiler/ti-cgt-arm_18.1.0.LTS/include" --reread_libs --diag_wrap=off --display_error_number --warn_sections --xml_link_info="HID_Test_linkInfo.xml" --rom_model -o "HID_Test.out" "./EK_TM4C123GXL.obj" "./empty_min.obj" "../EK_TM4C123GXL.cmd" -l"configPkg/linker.cmd" -l"C:/ti/tirtos_tivac_2_16_00_08/products/TivaWare_C_Series-2.1.1.71b/grlib/ccs/Debug/grlib.lib" -l"C:/ti/tirtos_tivac_2_16_00_08/products/TivaWare_C_Series-2.1.1.71b/usblib/ccs/Debug/usblib.lib" -l"C:/ti/tirtos_tivac_2_16_00_08/products/TivaWare_C_Series-2.1.1.71b/driverlib/ccs/Debug/driverlib.lib" -llibc.a -llibc.a 
<Linking>
'Finished building target: HID_Test.out'
' '

**** Build Finished ****

**** Build of configuration Debug for project TivaWare_Test ****

"C:\\ti\\ccsv7\\utils\\bin\\gmake" -k -j 4 all -O 
gmake[1]: 'TivaWare_Test.out' is up to date.

**** Build Finished ****

**** Build of configuration Debug for project usbkeyboarddevice_EK_TM4C123GXL_TI ****

"C:\\ti\\ccsv7\\utils\\bin\\gmake" -k -j 4 all -O 
making ../src/sysbios/sysbios.aem4f ...
gmake[1]: Nothing to be done for 'all'.
making ../src/sysbios/sysbios.aem4f ...
gmake[2]: Nothing to be done for 'all'.

**** Build Finished ****

**** Build of configuration Debug for project CANRX ****

"C:\\ti\\ccsv7\\utils\\bin\\gmake" -k all 
gmake: Nothing to be done for 'all'.

**** Build Finished ****

**** Build of configuration Debug for project CANTX ****

"C:\\ti\\ccsv7\\utils\\bin\\gmake" -k all 
gmake: Nothing to be done for 'all'.

**** Build Finished ****

**** Build of configuration Debug for project HID_Test ****

"C:\\ti\\ccsv7\\utils\\bin\\gmake" -k -j 4 all -O 
making ../src/sysbios/sysbios.aem4f ...
gmake[1]: Nothing to be done for 'all'.
making ../src/sysbios/sysbios.aem4f ...
gmake[2]: Nothing to be done for 'all'.

**** Build Finished ****

**** Build of configuration Debug for project TivaWare_Test ****

"C:\\ti\\ccsv7\\utils\\bin\\gmake" -k -j 4 all -O 
gmake[1]: 'TivaWare_Test.out' is up to date.

**** Build Finished ****

**** Build of configuration Debug for project usbkeyboarddevice_EK_TM4C123GXL_TI ****

"C:\\ti\\ccsv7\\utils\\bin\\gmake" -k -j 4 all -O 
making ../src/sysbios/sysbios.aem4f ...
gmake[1]: Nothing to be done for 'all'.
making ../src/sysbios/sysbios.aem4f ...
gmake[2]: Nothing to be done for 'all'.

**** Build Finished ****
